java.lang.IllegalStateException: Failed to execute CommandLineRunner
	at org.springframework.boot.SpringApplication.callRunner(SpringApplication.java:735) ~[spring-boot-1.5.6.RELEASE.jar:1.5.6.RELEASE]
	at org.springframework.boot.SpringApplication.callRunners(SpringApplication.java:716) [spring-boot-1.5.6.RELEASE.jar:1.5.6.RELEASE]
	at org.springframework.boot.SpringApplication.afterRefresh(SpringApplication.java:703) [spring-boot-1.5.6.RELEASE.jar:1.5.6.RELEASE]
	at org.springframework.boot.SpringApplication.run(SpringApplication.java:304) [spring-boot-1.5.6.RELEASE.jar:1.5.6.RELEASE]
	at org.springframework.boot.SpringApplication.run(SpringApplication.java:1118) [spring-boot-1.5.6.RELEASE.jar:1.5.6.RELEASE]
	at org.springframework.boot.SpringApplication.run(SpringApplication.java:1107) [spring-boot-1.5.6.RELEASE.jar:1.5.6.RELEASE]
	at cn.spacewalker.tsp.bg.etl.launch.EtlLauncher.main(EtlLauncher.java:28) [classes/:?]
Caused by: org.springframework.dao.DataIntegrityViolationException: 
### Error updating database.  Cause: java.sql.SQLIntegrityConstraintViolationException: Column 'oid' cannot be null
### The error may involve cn.spacewalker.tsp.ft.pojo.mapper.MRepVehinfoMapper.insertSelective-Inline
### The error occurred while setting parameters
### SQL: INSERT INTO m_rep_vehinfo  ( oid,iccid,vin,model,termCode,vehId,accMile,speed,engineStatus,crankshaftSpeed,driveMotorSpeed,soc,fuelCellVoltage,fuelCellCurrent,fuelCellProbeTemper,hydMaxConc,dcStatus,longitude,latitude,vehStatus,batteryStatus,calcFormnum,createDate,calcDate ) VALUES( ?,?,?,?,?,?,?,?,?,?,?,?,?,?,?,?,?,?,?,?,?,?,?,? )
### Cause: java.sql.SQLIntegrityConstraintViolationException: Column 'oid' cannot be null
; SQL []; Column 'oid' cannot be null; nested exception is java.sql.SQLIntegrityConstraintViolationException: Column 'oid' cannot be null
	at org.springframework.jdbc.support.SQLExceptionSubclassTranslator.doTranslate(SQLExceptionSubclassTranslator.java:85) ~[spring-jdbc-4.3.10.RELEASE.jar:4.3.10.RELEASE]
	at org.springframework.jdbc.support.AbstractFallbackSQLExceptionTranslator.translate(AbstractFallbackSQLExceptionTranslator.java:73) ~[spring-jdbc-4.3.10.RELEASE.jar:4.3.10.RELEASE]
	at org.springframework.jdbc.support.AbstractFallbackSQLExceptionTranslator.translate(AbstractFallbackSQLExceptionTranslator.java:81) ~[spring-jdbc-4.3.10.RELEASE.jar:4.3.10.RELEASE]
	at org.mybatis.spring.MyBatisExceptionTranslator.translateExceptionIfPossible(MyBatisExceptionTranslator.java:73) ~[mybatis-spring-1.3.1.jar:1.3.1]
	at org.mybatis.spring.SqlSessionTemplate$SqlSessionInterceptor.invoke(SqlSessionTemplate.java:446) ~[mybatis-spring-1.3.1.jar:1.3.1]
	at com.sun.proxy.$Proxy67.insert(Unknown Source) ~[?:?]
	at org.mybatis.spring.SqlSessionTemplate.insert(SqlSessionTemplate.java:278) ~[mybatis-spring-1.3.1.jar:1.3.1]
	at org.apache.ibatis.binding.MapperMethod.execute(MapperMethod.java:57) ~[mybatis-3.4.4.jar:3.4.4]
	at org.apache.ibatis.binding.MapperProxy.invoke(MapperProxy.java:59) ~[mybatis-3.4.4.jar:3.4.4]
	at com.sun.proxy.$Proxy75.insertSelective(Unknown Source) ~[?:?]
	at cn.spacewalker.tsp.bg.etl.service.impl.EtlServiceImpl.testMultipleDataSource(EtlServiceImpl.java:71) ~[classes/:?]
	at cn.spacewalker.tsp.bg.etl.service.impl.EtlServiceImpl$$FastClassBySpringCGLIB$$9b5f0c25.invoke(<generated>) ~[classes/:?]
	at org.springframework.cglib.proxy.MethodProxy.invoke(MethodProxy.java:204) ~[spring-core-4.3.10.RELEASE.jar:4.3.10.RELEASE]
	at org.springframework.aop.framework.CglibAopProxy$CglibMethodInvocation.invokeJoinpoint(CglibAopProxy.java:738) ~[spring-aop-4.3.10.RELEASE.jar:4.3.10.RELEASE]
	at org.springframework.aop.framework.ReflectiveMethodInvocation.proceed(ReflectiveMethodInvocation.java:157) ~[spring-aop-4.3.10.RELEASE.jar:4.3.10.RELEASE]
	at org.springframework.transaction.interceptor.TransactionInterceptor$1.proceedWithInvocation(TransactionInterceptor.java:99) ~[spring-tx-4.3.10.RELEASE.jar:4.3.10.RELEASE]
	at org.springframework.transaction.interceptor.TransactionAspectSupport.invokeWithinTransaction(TransactionAspectSupport.java:282) ~[spring-tx-4.3.10.RELEASE.jar:4.3.10.RELEASE]
	at org.springframework.transaction.interceptor.TransactionInterceptor.invoke(TransactionInterceptor.java:96) ~[spring-tx-4.3.10.RELEASE.jar:4.3.10.RELEASE]
	at org.springframework.aop.framework.ReflectiveMethodInvocation.proceed(ReflectiveMethodInvocation.java:179) ~[spring-aop-4.3.10.RELEASE.jar:4.3.10.RELEASE]
	at org.springframework.transaction.interceptor.TransactionInterceptor$1.proceedWithInvocation(TransactionInterceptor.java:99) ~[spring-tx-4.3.10.RELEASE.jar:4.3.10.RELEASE]
	at org.springframework.transaction.interceptor.TransactionAspectSupport.invokeWithinTransaction(TransactionAspectSupport.java:282) ~[spring-tx-4.3.10.RELEASE.jar:4.3.10.RELEASE]
	at org.springframework.transaction.interceptor.TransactionInterceptor.invoke(TransactionInterceptor.java:96) ~[spring-tx-4.3.10.RELEASE.jar:4.3.10.RELEASE]
	at org.springframework.aop.framework.ReflectiveMethodInvocation.proceed(ReflectiveMethodInvocation.java:179) ~[spring-aop-4.3.10.RELEASE.jar:4.3.10.RELEASE]
	at org.springframework.aop.interceptor.ExposeInvocationInterceptor.invoke(ExposeInvocationInterceptor.java:92) ~[spring-aop-4.3.10.RELEASE.jar:4.3.10.RELEASE]
	at org.springframework.aop.framework.ReflectiveMethodInvocation.proceed(ReflectiveMethodInvocation.java:179) ~[spring-aop-4.3.10.RELEASE.jar:4.3.10.RELEASE]
	at org.springframework.aop.framework.CglibAopProxy$DynamicAdvisedInterceptor.intercept(CglibAopProxy.java:673) ~[spring-aop-4.3.10.RELEASE.jar:4.3.10.RELEASE]
	at cn.spacewalker.tsp.bg.etl.service.impl.EtlServiceImpl$$EnhancerBySpringCGLIB$$cc8f0c01.testMultipleDataSource(<generated>) ~[classes/:?]
	at cn.spacewalker.tsp.bg.etl.launch.EtlLauncher.run(EtlLauncher.java:33) ~[classes/:?]
	at org.springframework.boot.SpringApplication.callRunner(SpringApplication.java:732) ~[spring-boot-1.5.6.RELEASE.jar:1.5.6.RELEASE]
	... 6 more
Caused by: java.sql.SQLIntegrityConstraintViolationException: Column 'oid' cannot be null
	at com.mysql.cj.jdbc.exceptions.SQLError.createSQLException(SQLError.java:533) ~[mysql-connector-java-6.0.6.jar:6.0.6]
	at com.mysql.cj.jdbc.exceptions.SQLError.createSQLException(SQLError.java:513) ~[mysql-connector-java-6.0.6.jar:6.0.6]
	at com.mysql.cj.jdbc.exceptions.SQLExceptionsMapping.translateException(SQLExceptionsMapping.java:115) ~[mysql-connector-java-6.0.6.jar:6.0.6]
	at com.mysql.cj.jdbc.ConnectionImpl.execSQL(ConnectionImpl.java:1983) ~[mysql-connector-java-6.0.6.jar:6.0.6]
	at com.mysql.cj.jdbc.PreparedStatement.executeInternal(PreparedStatement.java:1826) ~[mysql-connector-java-6.0.6.jar:6.0.6]
	at com.mysql.cj.jdbc.PreparedStatement.execute(PreparedStatement.java:1153) ~[mysql-connector-java-6.0.6.jar:6.0.6]
	at com.zaxxer.hikari.proxy.PreparedStatementProxy.execute(PreparedStatementProxy.java:44) ~[HikariCP-java6-2.3.13.jar:?]
	at com.zaxxer.hikari.proxy.HikariPreparedStatementProxy.execute(HikariPreparedStatementProxy.java) ~[HikariCP-java6-2.3.13.jar:?]
	at sun.reflect.NativeMethodAccessorImpl.invoke0(Native Method) ~[?:1.8.0_112]
	at sun.reflect.NativeMethodAccessorImpl.invoke(NativeMethodAccessorImpl.java:62) ~[?:1.8.0_112]
	at sun.reflect.DelegatingMethodAccessorImpl.invoke(DelegatingMethodAccessorImpl.java:43) ~[?:1.8.0_112]
	at java.lang.reflect.Method.invoke(Method.java:498) ~[?:1.8.0_112]
	at org.apache.ibatis.logging.jdbc.PreparedStatementLogger.invoke(PreparedStatementLogger.java:59) ~[mybatis-3.4.4.jar:3.4.4]
	at com.sun.proxy.$Proxy83.execute(Unknown Source) ~[?:?]
	at org.apache.ibatis.executor.statement.PreparedStatementHandler.update(PreparedStatementHandler.java:46) ~[mybatis-3.4.4.jar:3.4.4]
	at org.apache.ibatis.executor.statement.RoutingStatementHandler.update(RoutingStatementHandler.java:74) ~[mybatis-3.4.4.jar:3.4.4]
	at org.apache.ibatis.executor.SimpleExecutor.doUpdate(SimpleExecutor.java:50) ~[mybatis-3.4.4.jar:3.4.4]
	at org.apache.ibatis.executor.BaseExecutor.update(BaseExecutor.java:117) ~[mybatis-3.4.4.jar:3.4.4]
	at org.apache.ibatis.executor.CachingExecutor.update(CachingExecutor.java:76) ~[mybatis-3.4.4.jar:3.4.4]
	at sun.reflect.NativeMethodAccessorImpl.invoke0(Native Method) ~[?:1.8.0_112]
	at sun.reflect.NativeMethodAccessorImpl.invoke(NativeMethodAccessorImpl.java:62) ~[?:1.8.0_112]
	at sun.reflect.DelegatingMethodAccessorImpl.invoke(DelegatingMethodAccessorImpl.java:43) ~[?:1.8.0_112]
	at java.lang.reflect.Method.invoke(Method.java:498) ~[?:1.8.0_112]
	at org.apache.ibatis.plugin.Plugin.invoke(Plugin.java:63) ~[mybatis-3.4.4.jar:3.4.4]
	at com.sun.proxy.$Proxy82.update(Unknown Source) ~[?:?]
	at sun.reflect.NativeMethodAccessorImpl.invoke0(Native Method) ~[?:1.8.0_112]
	at sun.reflect.NativeMethodAccessorImpl.invoke(NativeMethodAccessorImpl.java:62) ~[?:1.8.0_112]
	at sun.reflect.DelegatingMethodAccessorImpl.invoke(DelegatingMethodAccessorImpl.java:43) ~[?:1.8.0_112]
	at java.lang.reflect.Method.invoke(Method.java:498) ~[?:1.8.0_112]
	at org.apache.ibatis.plugin.Invocation.proceed(Invocation.java:49) ~[mybatis-3.4.4.jar:3.4.4]
	at cn.spacewalker.tsp.common.interceptor.SqlInterceptor.intercept(SqlInterceptor.java:54) ~[classes/:?]
	at org.apache.ibatis.plugin.Plugin.invoke(Plugin.java:61) ~[mybatis-3.4.4.jar:3.4.4]
	at com.sun.proxy.$Proxy82.update(Unknown Source) ~[?:?]
	at org.apache.ibatis.session.defaults.DefaultSqlSession.update(DefaultSqlSession.java:198) ~[mybatis-3.4.4.jar:3.4.4]
	at org.apache.ibatis.session.defaults.DefaultSqlSession.insert(DefaultSqlSession.java:185) ~[mybatis-3.4.4.jar:3.4.4]
	at sun.reflect.NativeMethodAccessorImpl.invoke0(Native Method) ~[?:1.8.0_112]
	at sun.reflect.NativeMethodAccessorImpl.invoke(NativeMethodAccessorImpl.java:62) ~[?:1.8.0_112]
	at sun.reflect.DelegatingMethodAccessorImpl.invoke(DelegatingMethodAccessorImpl.java:43) ~[?:1.8.0_112]
	at java.lang.reflect.Method.invoke(Method.java:498) ~[?:1.8.0_112]
	at org.mybatis.spring.SqlSessionTemplate$SqlSessionInterceptor.invoke(SqlSessionTemplate.java:433) ~[mybatis-spring-1.3.1.jar:1.3.1]
	at com.sun.proxy.$Proxy67.insert(Unknown Source) ~[?:?]
	at org.mybatis.spring.SqlSessionTemplate.insert(SqlSessionTemplate.java:278) ~[mybatis-spring-1.3.1.jar:1.3.1]
	at org.apache.ibatis.binding.MapperMethod.execute(MapperMethod.java:57) ~[mybatis-3.4.4.jar:3.4.4]
	at org.apache.ibatis.binding.MapperProxy.invoke(MapperProxy.java:59) ~[mybatis-3.4.4.jar:3.4.4]
	at com.sun.proxy.$Proxy75.insertSelective(Unknown Source) ~[?:?]
	at cn.spacewalker.tsp.bg.etl.service.impl.EtlServiceImpl.testMultipleDataSource(EtlServiceImpl.java:71) ~[classes/:?]
	at cn.spacewalker.tsp.bg.etl.service.impl.EtlServiceImpl$$FastClassBySpringCGLIB$$9b5f0c25.invoke(<generated>) ~[classes/:?]
	at org.springframework.cglib.proxy.MethodProxy.invoke(MethodProxy.java:204) ~[spring-core-4.3.10.RELEASE.jar:4.3.10.RELEASE]
	at org.springframework.aop.framework.CglibAopProxy$CglibMethodInvocation.invokeJoinpoint(CglibAopProxy.java:738) ~[spring-aop-4.3.10.RELEASE.jar:4.3.10.RELEASE]
	at org.springframework.aop.framework.ReflectiveMethodInvocation.proceed(ReflectiveMethodInvocation.java:157) ~[spring-aop-4.3.10.RELEASE.jar:4.3.10.RELEASE]
	at org.springframework.transaction.interceptor.TransactionInterceptor$1.proceedWithInvocation(TransactionInterceptor.java:99) ~[spring-tx-4.3.10.RELEASE.jar:4.3.10.RELEASE]
	at org.springframework.transaction.interceptor.TransactionAspectSupport.invokeWithinTransaction(TransactionAspectSupport.java:282) ~[spring-tx-4.3.10.RELEASE.jar:4.3.10.RELEASE]
	at org.springframework.transaction.interceptor.TransactionInterceptor.invoke(TransactionInterceptor.java:96) ~[spring-tx-4.3.10.RELEASE.jar:4.3.10.RELEASE]
	at org.springframework.aop.framework.ReflectiveMethodInvocation.proceed(ReflectiveMethodInvocation.java:179) ~[spring-aop-4.3.10.RELEASE.jar:4.3.10.RELEASE]
	at org.springframework.transaction.interceptor.TransactionInterceptor$1.proceedWithInvocation(TransactionInterceptor.java:99) ~[spring-tx-4.3.10.RELEASE.jar:4.3.10.RELEASE]
	at org.springframework.transaction.interceptor.TransactionAspectSupport.invokeWithinTransaction(TransactionAspectSupport.java:282) ~[spring-tx-4.3.10.RELEASE.jar:4.3.10.RELEASE]
	at org.springframework.transaction.interceptor.TransactionInterceptor.invoke(TransactionInterceptor.java:96) ~[spring-tx-4.3.10.RELEASE.jar:4.3.10.RELEASE]
	at org.springframework.aop.framework.ReflectiveMethodInvocation.proceed(ReflectiveMethodInvocation.java:179) ~[spring-aop-4.3.10.RELEASE.jar:4.3.10.RELEASE]
	at org.springframework.aop.interceptor.ExposeInvocationInterceptor.invoke(ExposeInvocationInterceptor.java:92) ~[spring-aop-4.3.10.RELEASE.jar:4.3.10.RELEASE]
	at org.springframework.aop.framework.ReflectiveMethodInvocation.proceed(ReflectiveMethodInvocation.java:179) ~[spring-aop-4.3.10.RELEASE.jar:4.3.10.RELEASE]
	at org.springframework.aop.framework.CglibAopProxy$DynamicAdvisedInterceptor.intercept(CglibAopProxy.java:673) ~[spring-aop-4.3.10.RELEASE.jar:4.3.10.RELEASE]
	at cn.spacewalker.tsp.bg.etl.service.impl.EtlServiceImpl$$EnhancerBySpringCGLIB$$cc8f0c01.testMultipleDataSource(<generated>) ~[classes/:?]
	at cn.spacewalker.tsp.bg.etl.launch.EtlLauncher.run(EtlLauncher.java:33) ~[classes/:?]
	at org.springframework.boot.SpringApplication.callRunner(SpringApplication.java:732) ~[spring-boot-1.5.6.RELEASE.jar:1.5.6.RELEASE]
	... 6 more
