org.springframework.jdbc.BadSqlGrammarException: 
### Error querying database.  Cause: com.mysql.jdbc.exceptions.jdbc4.MySQLSyntaxErrorException: Table 'tsp.t_veh_data' doesn't exist
### The error may exist in file [E:\svn\车联网\tsp\bg.pojo\target\classes\bgMapper\TVehUploadrealtimeMapper.xml]
### The error may involve defaultParameterMap
### The error occurred while setting parameters
### SQL: SELECT  t1.oid AS oid,  t9.iccid AS iccid,  t1.vin AS vin,  '5座' AS model,  SUBSTR(t1.vin FROM 6 FOR 5) AS termCode,  CONCAT(   '待Z.',   SUBSTR(t1.vin FROM 11 FOR 5)  ) AS vehId,  t2.accMile AS accMile,  t2.speed AS speed,  CASE t4.engineStatus WHEN 1 THEN  '启动' WHEN 2 THEN  '关闭' WHEN 254 THEN  '异常' ELSE  '无效' END AS engineStatus,  t4.crankshaftSpeed AS crankshaftSpeed,  SUM(t8.driveMotorSpeed) AS driveMotorSpeed,  t2.soc,  t2.totalVoltage AS fuelCellVoltage,  t2.totalCurrent AS fuelCellCurrent,  t3.hydMaxTemper AS fuelCellProbeTemper,  t3.hydMaxConc AS hydMaxConc,  CASE t3.dcStatus WHEN 1 THEN  '工作' WHEN 2 THEN  '断开' WHEN 254 THEN  '异常' ELSE  '无效' END AS dcStatus,  t6.fullCellErrorCount AS charingError,  t6.driveMotorErrorCount AS driveMotorError,  t6.engineErrorCount AS engineError,  t6.otherErrorCount AS otherError,  t5.longitude AS longitude,  t5.latitude AS latitude,  t5.city AS city,  t5.region AS region,  CASE t2.vehStatus WHEN 1 THEN  '启动' WHEN 2 THEN  '熄火' WHEN 254 THEN  '异常' ELSE  '无效' END AS vehStatus,  CASE t2.chargeStatus WHEN 1 THEN  '停车充电' WHEN 2 THEN  '行驶充电' WHEN 3 THEN  '未充电' WHEN 4 THEN  '充电完成' WHEN 254 THEN  '异常' ELSE  '无效' END AS batteryStatus,  CASE WHEN t2.chargeStatus = 1 THEN  '停车充电' WHEN t2.vehStatus = 1 THEN  '行驶中' ELSE  '离线' END AS `status`,  t1.formnum AS calcFormnum,  t1.uploadtime AS lastUpTime,  STR_TO_DATE(  '2017-08-20 00:00:00',  '%Y-%m-%d %H:%i:%s' ) AS createDate,  now() AS calcDate,  t1.gatherTime FROM  t_veh_uploadRealTime t1,  t_veh_data t2,  t_veh_fuelCell t3,  t_veh_engine t4,  t_veh_position t5,  t_veh_error t6,  t_veh_limit t7,  t_veh_driveMotor t8,  t_veh_signin t9 WHERE  t1.formnum = t2.formnum AND t1.formnum = t3.formnum AND t1.formnum = t4.formnum AND t1.formnum = t5.formnum AND t1.formnum = t6.formnum AND t1.formnum = t7.formnum AND t1.formnum = t8.formnum AND t1.vin = t9.vin    AND t1.formnum > ?   GROUP BY  t1.formnum ORDER BY  t1.formnum ASC LIMIT 500
### Cause: com.mysql.jdbc.exceptions.jdbc4.MySQLSyntaxErrorException: Table 'tsp.t_veh_data' doesn't exist
; bad SQL grammar []; nested exception is com.mysql.jdbc.exceptions.jdbc4.MySQLSyntaxErrorException: Table 'tsp.t_veh_data' doesn't exist
	at org.springframework.jdbc.support.SQLErrorCodeSQLExceptionTranslator.doTranslate(SQLErrorCodeSQLExceptionTranslator.java:231) ~[spring-jdbc-4.3.10.RELEASE.jar:4.3.10.RELEASE]
	at org.springframework.jdbc.support.AbstractFallbackSQLExceptionTranslator.translate(AbstractFallbackSQLExceptionTranslator.java:73) ~[spring-jdbc-4.3.10.RELEASE.jar:4.3.10.RELEASE]
	at org.mybatis.spring.MyBatisExceptionTranslator.translateExceptionIfPossible(MyBatisExceptionTranslator.java:73) ~[mybatis-spring-1.3.1.jar:1.3.1]
	at org.mybatis.spring.SqlSessionTemplate$SqlSessionInterceptor.invoke(SqlSessionTemplate.java:446) ~[mybatis-spring-1.3.1.jar:1.3.1]
	at com.sun.proxy.$Proxy67.selectList(Unknown Source) ~[?:?]
	at org.mybatis.spring.SqlSessionTemplate.selectList(SqlSessionTemplate.java:230) ~[mybatis-spring-1.3.1.jar:1.3.1]
	at org.apache.ibatis.binding.MapperMethod.executeForMany(MapperMethod.java:137) ~[mybatis-3.4.4.jar:3.4.4]
	at org.apache.ibatis.binding.MapperMethod.execute(MapperMethod.java:75) ~[mybatis-3.4.4.jar:3.4.4]
	at org.apache.ibatis.binding.MapperProxy.invoke(MapperProxy.java:59) ~[mybatis-3.4.4.jar:3.4.4]
	at com.sun.proxy.$Proxy70.listRepVehInfo(Unknown Source) ~[?:?]
	at cn.spacewalker.tsp.bg.etl.service.impl.EtlServiceImpl.etlVehinfo(EtlServiceImpl.java:98) ~[classes/:?]
	at cn.spacewalker.tsp.bg.etl.service.impl.EtlServiceImpl.etlTask(EtlServiceImpl.java:83) [classes/:?]
	at cn.spacewalker.tsp.bg.etl.service.impl.EtlServiceImpl$$FastClassBySpringCGLIB$$9b5f0c25.invoke(<generated>) [classes/:?]
	at org.springframework.cglib.proxy.MethodProxy.invoke(MethodProxy.java:204) [spring-core-4.3.10.RELEASE.jar:4.3.10.RELEASE]
	at org.springframework.aop.framework.CglibAopProxy$CglibMethodInvocation.invokeJoinpoint(CglibAopProxy.java:738) [spring-aop-4.3.10.RELEASE.jar:4.3.10.RELEASE]
	at org.springframework.aop.framework.ReflectiveMethodInvocation.proceed(ReflectiveMethodInvocation.java:157) [spring-aop-4.3.10.RELEASE.jar:4.3.10.RELEASE]
	at org.springframework.transaction.interceptor.TransactionInterceptor$1.proceedWithInvocation(TransactionInterceptor.java:99) [spring-tx-4.3.10.RELEASE.jar:4.3.10.RELEASE]
	at org.springframework.transaction.interceptor.TransactionAspectSupport.invokeWithinTransaction(TransactionAspectSupport.java:282) [spring-tx-4.3.10.RELEASE.jar:4.3.10.RELEASE]
	at org.springframework.transaction.interceptor.TransactionInterceptor.invoke(TransactionInterceptor.java:96) [spring-tx-4.3.10.RELEASE.jar:4.3.10.RELEASE]
	at org.springframework.aop.framework.ReflectiveMethodInvocation.proceed(ReflectiveMethodInvocation.java:179) [spring-aop-4.3.10.RELEASE.jar:4.3.10.RELEASE]
	at org.springframework.transaction.interceptor.TransactionInterceptor$1.proceedWithInvocation(TransactionInterceptor.java:99) [spring-tx-4.3.10.RELEASE.jar:4.3.10.RELEASE]
	at org.springframework.transaction.interceptor.TransactionAspectSupport.invokeWithinTransaction(TransactionAspectSupport.java:282) [spring-tx-4.3.10.RELEASE.jar:4.3.10.RELEASE]
	at org.springframework.transaction.interceptor.TransactionInterceptor.invoke(TransactionInterceptor.java:96) [spring-tx-4.3.10.RELEASE.jar:4.3.10.RELEASE]
	at org.springframework.aop.framework.ReflectiveMethodInvocation.proceed(ReflectiveMethodInvocation.java:179) [spring-aop-4.3.10.RELEASE.jar:4.3.10.RELEASE]
	at org.springframework.aop.interceptor.ExposeInvocationInterceptor.invoke(ExposeInvocationInterceptor.java:92) [spring-aop-4.3.10.RELEASE.jar:4.3.10.RELEASE]
	at org.springframework.aop.framework.ReflectiveMethodInvocation.proceed(ReflectiveMethodInvocation.java:179) [spring-aop-4.3.10.RELEASE.jar:4.3.10.RELEASE]
	at org.springframework.aop.framework.CglibAopProxy$DynamicAdvisedInterceptor.intercept(CglibAopProxy.java:673) [spring-aop-4.3.10.RELEASE.jar:4.3.10.RELEASE]
	at cn.spacewalker.tsp.bg.etl.service.impl.EtlServiceImpl$$EnhancerBySpringCGLIB$$8cfd3917.etlTask(<generated>) [classes/:?]
	at cn.spacewalker.tsp.bg.etl.task.EtlTask.task(EtlTask.java:24) [classes/:?]
	at sun.reflect.GeneratedMethodAccessor487.invoke(Unknown Source) ~[?:?]
	at sun.reflect.DelegatingMethodAccessorImpl.invoke(DelegatingMethodAccessorImpl.java:43) ~[?:1.8.0_112]
	at java.lang.reflect.Method.invoke(Method.java:498) ~[?:1.8.0_112]
	at org.springframework.util.MethodInvoker.invoke(MethodInvoker.java:269) [spring-core-4.3.10.RELEASE.jar:4.3.10.RELEASE]
	at org.springframework.scheduling.quartz.MethodInvokingJobDetailFactoryBean$MethodInvokingJob.executeInternal(MethodInvokingJobDetailFactoryBean.java:257) [spring-context-support-4.3.10.RELEASE.jar:4.3.10.RELEASE]
	at org.springframework.scheduling.quartz.QuartzJobBean.execute(QuartzJobBean.java:75) [spring-context-support-4.3.10.RELEASE.jar:4.3.10.RELEASE]
	at org.quartz.core.JobRunShell.run(JobRunShell.java:202) [quartz-2.3.0.jar:?]
	at org.quartz.simpl.SimpleThreadPool$WorkerThread.run(SimpleThreadPool.java:573) [quartz-2.3.0.jar:?]
Caused by: com.mysql.jdbc.exceptions.jdbc4.MySQLSyntaxErrorException: Table 'tsp.t_veh_data' doesn't exist
	at sun.reflect.NativeConstructorAccessorImpl.newInstance0(Native Method) ~[?:1.8.0_112]
	at sun.reflect.NativeConstructorAccessorImpl.newInstance(NativeConstructorAccessorImpl.java:62) ~[?:1.8.0_112]
	at sun.reflect.DelegatingConstructorAccessorImpl.newInstance(DelegatingConstructorAccessorImpl.java:45) ~[?:1.8.0_112]
	at java.lang.reflect.Constructor.newInstance(Constructor.java:423) ~[?:1.8.0_112]
	at com.mysql.jdbc.Util.handleNewInstance(Util.java:425) ~[mysql-connector-java-5.1.43.jar:5.1.43]
	at com.mysql.jdbc.Util.getInstance(Util.java:408) ~[mysql-connector-java-5.1.43.jar:5.1.43]
	at com.mysql.jdbc.SQLError.createSQLException(SQLError.java:943) ~[mysql-connector-java-5.1.43.jar:5.1.43]
	at com.mysql.jdbc.MysqlIO.checkErrorPacket(MysqlIO.java:3973) ~[mysql-connector-java-5.1.43.jar:5.1.43]
	at com.mysql.jdbc.MysqlIO.checkErrorPacket(MysqlIO.java:3909) ~[mysql-connector-java-5.1.43.jar:5.1.43]
	at com.mysql.jdbc.MysqlIO.sendCommand(MysqlIO.java:2527) ~[mysql-connector-java-5.1.43.jar:5.1.43]
	at com.mysql.jdbc.MysqlIO.sqlQueryDirect(MysqlIO.java:2680) ~[mysql-connector-java-5.1.43.jar:5.1.43]
	at com.mysql.jdbc.ConnectionImpl.execSQL(ConnectionImpl.java:2494) ~[mysql-connector-java-5.1.43.jar:5.1.43]
	at com.mysql.jdbc.PreparedStatement.executeInternal(PreparedStatement.java:1858) ~[mysql-connector-java-5.1.43.jar:5.1.43]
	at com.mysql.jdbc.PreparedStatement.execute(PreparedStatement.java:1197) ~[mysql-connector-java-5.1.43.jar:5.1.43]
	at com.zaxxer.hikari.proxy.PreparedStatementProxy.execute(PreparedStatementProxy.java:44) ~[HikariCP-java6-2.3.13.jar:?]
	at com.zaxxer.hikari.proxy.HikariPreparedStatementProxy.execute(HikariPreparedStatementProxy.java) ~[HikariCP-java6-2.3.13.jar:?]
	at sun.reflect.GeneratedMethodAccessor54.invoke(Unknown Source) ~[?:?]
	at sun.reflect.DelegatingMethodAccessorImpl.invoke(DelegatingMethodAccessorImpl.java:43) ~[?:1.8.0_112]
	at java.lang.reflect.Method.invoke(Method.java:498) ~[?:1.8.0_112]
	at org.apache.ibatis.logging.jdbc.PreparedStatementLogger.invoke(PreparedStatementLogger.java:59) ~[mybatis-3.4.4.jar:3.4.4]
	at com.sun.proxy.$Proxy91.execute(Unknown Source) ~[?:?]
	at org.apache.ibatis.executor.statement.PreparedStatementHandler.query(PreparedStatementHandler.java:63) ~[mybatis-3.4.4.jar:3.4.4]
	at org.apache.ibatis.executor.statement.RoutingStatementHandler.query(RoutingStatementHandler.java:79) ~[mybatis-3.4.4.jar:3.4.4]
	at org.apache.ibatis.executor.SimpleExecutor.doQuery(SimpleExecutor.java:63) ~[mybatis-3.4.4.jar:3.4.4]
	at org.apache.ibatis.executor.BaseExecutor.queryFromDatabase(BaseExecutor.java:324) ~[mybatis-3.4.4.jar:3.4.4]
	at org.apache.ibatis.executor.BaseExecutor.query(BaseExecutor.java:156) ~[mybatis-3.4.4.jar:3.4.4]
	at org.apache.ibatis.executor.CachingExecutor.query(CachingExecutor.java:109) ~[mybatis-3.4.4.jar:3.4.4]
	at com.github.pagehelper.PageInterceptor.intercept(PageInterceptor.java:142) ~[pagehelper-5.0.3.jar:?]
	at org.apache.ibatis.plugin.Plugin.invoke(Plugin.java:61) ~[mybatis-3.4.4.jar:3.4.4]
	at com.sun.proxy.$Proxy90.query(Unknown Source) ~[?:?]
	at sun.reflect.GeneratedMethodAccessor109.invoke(Unknown Source) ~[?:?]
	at sun.reflect.DelegatingMethodAccessorImpl.invoke(DelegatingMethodAccessorImpl.java:43) ~[?:1.8.0_112]
	at java.lang.reflect.Method.invoke(Method.java:498) ~[?:1.8.0_112]
	at org.apache.ibatis.plugin.Invocation.proceed(Invocation.java:49) ~[mybatis-3.4.4.jar:3.4.4]
	at cn.spacewalker.tsp.common.interceptor.SqlInterceptor.intercept(SqlInterceptor.java:54) ~[classes/:?]
	at org.apache.ibatis.plugin.Plugin.invoke(Plugin.java:61) ~[mybatis-3.4.4.jar:3.4.4]
	at com.sun.proxy.$Proxy90.query(Unknown Source) ~[?:?]
	at org.apache.ibatis.session.defaults.DefaultSqlSession.selectList(DefaultSqlSession.java:148) ~[mybatis-3.4.4.jar:3.4.4]
	at org.apache.ibatis.session.defaults.DefaultSqlSession.selectList(DefaultSqlSession.java:141) ~[mybatis-3.4.4.jar:3.4.4]
	at sun.reflect.GeneratedMethodAccessor119.invoke(Unknown Source) ~[?:?]
	at sun.reflect.DelegatingMethodAccessorImpl.invoke(DelegatingMethodAccessorImpl.java:43) ~[?:1.8.0_112]
	at java.lang.reflect.Method.invoke(Method.java:498) ~[?:1.8.0_112]
	at org.mybatis.spring.SqlSessionTemplate$SqlSessionInterceptor.invoke(SqlSessionTemplate.java:433) ~[mybatis-spring-1.3.1.jar:1.3.1]
	... 33 more
