2017-08-19 11:43:11 ERROR cn.spacewalker.tsp.common.util.CommUtils.str2date(CommUtils.java:69) - Unparseable date: "20178192411" java.text.ParseException: Unparseable date: "20178192411"
	at java.text.DateFormat.parse(DateFormat.java:366) ~[?:1.8.0_112]
	at cn.spacewalker.tsp.common.util.CommUtils.str2date(CommUtils.java:67) [classes/:?]
	at cn.spacewalker.tsp.common.util.CommUtils.str2date(CommUtils.java:52) [classes/:?]
	at cn.spacewalker.tsp.bg.receiver.service.impl.Test.main(Test.java:17) [classes/:?]

2017-08-19 13:26:36 ERROR cn.spacewalker.tsp.bg.receiver.server.Gbt32960ServerHandler.exceptionCaught(Gbt32960ServerHandler.java:32) - 远程主机强迫关闭了一个现有的连接。 java.io.IOException: 远程主机强迫关闭了一个现有的连接。
	at sun.nio.ch.SocketDispatcher.read0(Native Method) ~[?:1.8.0_112]
	at sun.nio.ch.SocketDispatcher.read(SocketDispatcher.java:43) ~[?:1.8.0_112]
	at sun.nio.ch.IOUtil.readIntoNativeBuffer(IOUtil.java:223) ~[?:1.8.0_112]
	at sun.nio.ch.IOUtil.read(IOUtil.java:192) ~[?:1.8.0_112]
	at sun.nio.ch.SocketChannelImpl.read(SocketChannelImpl.java:380) ~[?:1.8.0_112]
	at io.netty.buffer.PooledUnsafeDirectByteBuf.setBytes(PooledUnsafeDirectByteBuf.java:311) ~[netty-all-5.0.0.Alpha2.jar:5.0.0.Alpha2]
	at io.netty.buffer.AbstractByteBuf.writeBytes(AbstractByteBuf.java:853) ~[netty-all-5.0.0.Alpha2.jar:5.0.0.Alpha2]
	at io.netty.channel.socket.nio.NioSocketChannel.doReadBytes(NioSocketChannel.java:240) ~[netty-all-5.0.0.Alpha2.jar:5.0.0.Alpha2]
	at io.netty.channel.nio.AbstractNioByteChannel$NioByteUnsafe.read(AbstractNioByteChannel.java:115) [netty-all-5.0.0.Alpha2.jar:5.0.0.Alpha2]
	at io.netty.channel.nio.NioEventLoop.processSelectedKey(NioEventLoop.java:514) [netty-all-5.0.0.Alpha2.jar:5.0.0.Alpha2]
	at io.netty.channel.nio.NioEventLoop.processSelectedKeysOptimized(NioEventLoop.java:471) [netty-all-5.0.0.Alpha2.jar:5.0.0.Alpha2]
	at io.netty.channel.nio.NioEventLoop.processSelectedKeys(NioEventLoop.java:385) [netty-all-5.0.0.Alpha2.jar:5.0.0.Alpha2]
	at io.netty.channel.nio.NioEventLoop.run(NioEventLoop.java:351) [netty-all-5.0.0.Alpha2.jar:5.0.0.Alpha2]
	at io.netty.util.concurrent.SingleThreadEventExecutor$2.run(SingleThreadEventExecutor.java:116) [netty-all-5.0.0.Alpha2.jar:5.0.0.Alpha2]
	at io.netty.util.internal.chmv8.ForkJoinTask$RunnableExecuteAction.exec(ForkJoinTask.java:1412) [netty-all-5.0.0.Alpha2.jar:5.0.0.Alpha2]
	at io.netty.util.internal.chmv8.ForkJoinTask.doExec(ForkJoinTask.java:280) [netty-all-5.0.0.Alpha2.jar:5.0.0.Alpha2]
	at io.netty.util.internal.chmv8.ForkJoinPool$WorkQueue.runTask(ForkJoinPool.java:877) [netty-all-5.0.0.Alpha2.jar:5.0.0.Alpha2]
	at io.netty.util.internal.chmv8.ForkJoinPool.scan(ForkJoinPool.java:1706) [netty-all-5.0.0.Alpha2.jar:5.0.0.Alpha2]
	at io.netty.util.internal.chmv8.ForkJoinPool.runWorker(ForkJoinPool.java:1661) [netty-all-5.0.0.Alpha2.jar:5.0.0.Alpha2]
	at io.netty.util.internal.chmv8.ForkJoinWorkerThread.run(ForkJoinWorkerThread.java:126) [netty-all-5.0.0.Alpha2.jar:5.0.0.Alpha2]

2017-08-19 14:52:54 ERROR cn.spacewalker.tsp.bg.receiver.server.Gbt32960ServerHandler.exceptionCaught(Gbt32960ServerHandler.java:32) - 远程主机强迫关闭了一个现有的连接。 java.io.IOException: 远程主机强迫关闭了一个现有的连接。
	at sun.nio.ch.SocketDispatcher.read0(Native Method) ~[?:1.8.0_112]
	at sun.nio.ch.SocketDispatcher.read(SocketDispatcher.java:43) ~[?:1.8.0_112]
	at sun.nio.ch.IOUtil.readIntoNativeBuffer(IOUtil.java:223) ~[?:1.8.0_112]
	at sun.nio.ch.IOUtil.read(IOUtil.java:192) ~[?:1.8.0_112]
	at sun.nio.ch.SocketChannelImpl.read(SocketChannelImpl.java:380) ~[?:1.8.0_112]
	at io.netty.buffer.PooledUnsafeDirectByteBuf.setBytes(PooledUnsafeDirectByteBuf.java:311) ~[netty-all-5.0.0.Alpha2.jar:5.0.0.Alpha2]
	at io.netty.buffer.AbstractByteBuf.writeBytes(AbstractByteBuf.java:853) ~[netty-all-5.0.0.Alpha2.jar:5.0.0.Alpha2]
	at io.netty.channel.socket.nio.NioSocketChannel.doReadBytes(NioSocketChannel.java:240) ~[netty-all-5.0.0.Alpha2.jar:5.0.0.Alpha2]
	at io.netty.channel.nio.AbstractNioByteChannel$NioByteUnsafe.read(AbstractNioByteChannel.java:115) [netty-all-5.0.0.Alpha2.jar:5.0.0.Alpha2]
	at io.netty.channel.nio.NioEventLoop.processSelectedKey(NioEventLoop.java:514) [netty-all-5.0.0.Alpha2.jar:5.0.0.Alpha2]
	at io.netty.channel.nio.NioEventLoop.processSelectedKeysOptimized(NioEventLoop.java:471) [netty-all-5.0.0.Alpha2.jar:5.0.0.Alpha2]
	at io.netty.channel.nio.NioEventLoop.processSelectedKeys(NioEventLoop.java:385) [netty-all-5.0.0.Alpha2.jar:5.0.0.Alpha2]
	at io.netty.channel.nio.NioEventLoop.run(NioEventLoop.java:351) [netty-all-5.0.0.Alpha2.jar:5.0.0.Alpha2]
	at io.netty.util.concurrent.SingleThreadEventExecutor$2.run(SingleThreadEventExecutor.java:116) [netty-all-5.0.0.Alpha2.jar:5.0.0.Alpha2]
	at io.netty.util.internal.chmv8.ForkJoinTask$RunnableExecuteAction.exec(ForkJoinTask.java:1412) [netty-all-5.0.0.Alpha2.jar:5.0.0.Alpha2]
	at io.netty.util.internal.chmv8.ForkJoinTask.doExec(ForkJoinTask.java:280) [netty-all-5.0.0.Alpha2.jar:5.0.0.Alpha2]
	at io.netty.util.internal.chmv8.ForkJoinPool$WorkQueue.runTask(ForkJoinPool.java:877) [netty-all-5.0.0.Alpha2.jar:5.0.0.Alpha2]
	at io.netty.util.internal.chmv8.ForkJoinPool.scan(ForkJoinPool.java:1706) [netty-all-5.0.0.Alpha2.jar:5.0.0.Alpha2]
	at io.netty.util.internal.chmv8.ForkJoinPool.runWorker(ForkJoinPool.java:1661) [netty-all-5.0.0.Alpha2.jar:5.0.0.Alpha2]
	at io.netty.util.internal.chmv8.ForkJoinWorkerThread.run(ForkJoinWorkerThread.java:126) [netty-all-5.0.0.Alpha2.jar:5.0.0.Alpha2]

