java.lang.IllegalStateException: Failed to execute CommandLineRunner
	at org.springframework.boot.SpringApplication.callRunner(SpringApplication.java:735) ~[spring-boot-1.5.6.RELEASE.jar:1.5.6.RELEASE]
	at org.springframework.boot.SpringApplication.callRunners(SpringApplication.java:716) [spring-boot-1.5.6.RELEASE.jar:1.5.6.RELEASE]
	at org.springframework.boot.SpringApplication.afterRefresh(SpringApplication.java:703) [spring-boot-1.5.6.RELEASE.jar:1.5.6.RELEASE]
	at org.springframework.boot.SpringApplication.run(SpringApplication.java:304) [spring-boot-1.5.6.RELEASE.jar:1.5.6.RELEASE]
	at org.springframework.boot.SpringApplication.run(SpringApplication.java:1118) [spring-boot-1.5.6.RELEASE.jar:1.5.6.RELEASE]
	at org.springframework.boot.SpringApplication.run(SpringApplication.java:1107) [spring-boot-1.5.6.RELEASE.jar:1.5.6.RELEASE]
	at cn.spacewalker.tsp.bg.tbox.TBoxLauncher.main(TBoxLauncher.java:25) [classes/:?]
Caused by: java.net.ConnectException: Connection refused: no further information: /127.0.0.1:9103
	at sun.nio.ch.SocketChannelImpl.checkConnect(Native Method) ~[?:1.8.0_112]
	at sun.nio.ch.SocketChannelImpl.finishConnect(SocketChannelImpl.java:717) ~[?:1.8.0_112]
	at io.netty.channel.socket.nio.NioSocketChannel.doFinishConnect(NioSocketChannel.java:223) ~[netty-all-5.0.0.Alpha2.jar:5.0.0.Alpha2]
	at io.netty.channel.nio.AbstractNioChannel$AbstractNioUnsafe.finishConnect(AbstractNioChannel.java:276) ~[netty-all-5.0.0.Alpha2.jar:5.0.0.Alpha2]
	at io.netty.channel.nio.NioEventLoop.processSelectedKey(NioEventLoop.java:531) ~[netty-all-5.0.0.Alpha2.jar:5.0.0.Alpha2]
	at io.netty.channel.nio.NioEventLoop.processSelectedKeysOptimized(NioEventLoop.java:471) ~[netty-all-5.0.0.Alpha2.jar:5.0.0.Alpha2]
	at io.netty.channel.nio.NioEventLoop.processSelectedKeys(NioEventLoop.java:385) ~[netty-all-5.0.0.Alpha2.jar:5.0.0.Alpha2]
	at io.netty.channel.nio.NioEventLoop.run(NioEventLoop.java:351) ~[netty-all-5.0.0.Alpha2.jar:5.0.0.Alpha2]
	at io.netty.util.concurrent.SingleThreadEventExecutor$2.run(SingleThreadEventExecutor.java:116) ~[netty-all-5.0.0.Alpha2.jar:5.0.0.Alpha2]
	at io.netty.util.internal.chmv8.ForkJoinTask$RunnableExecuteAction.exec(ForkJoinTask.java:1412) ~[netty-all-5.0.0.Alpha2.jar:5.0.0.Alpha2]
	at io.netty.util.internal.chmv8.ForkJoinTask.doExec(ForkJoinTask.java:280) ~[netty-all-5.0.0.Alpha2.jar:5.0.0.Alpha2]
	at io.netty.util.internal.chmv8.ForkJoinPool$WorkQueue.runTask(ForkJoinPool.java:877) ~[netty-all-5.0.0.Alpha2.jar:5.0.0.Alpha2]
	at io.netty.util.internal.chmv8.ForkJoinPool.scan(ForkJoinPool.java:1706) ~[netty-all-5.0.0.Alpha2.jar:5.0.0.Alpha2]
	at io.netty.util.internal.chmv8.ForkJoinPool.runWorker(ForkJoinPool.java:1661) ~[netty-all-5.0.0.Alpha2.jar:5.0.0.Alpha2]
	at io.netty.util.internal.chmv8.ForkJoinWorkerThread.run(ForkJoinWorkerThread.java:126) ~[netty-all-5.0.0.Alpha2.jar:5.0.0.Alpha2]
